# JRE version: OpenJDK Runtime Environment (21.0.5) (build 21.0.5+-13047016-b750.29)
# Java VM: OpenJDK 64-Bit Server VM (21.0.5+-13047016-b750.29, mixed mode, tiered, compressed oops, compressed class ptrs, g1 gc, windows-amd64)
GC Precious Log:
 CardTable entry size: 512
 Card Set container configuration: InlinePtr #cards 5 size 8 Array Of Cards #cards 12 size 40 Howl #buckets 4 coarsen threshold 1843 Howl Bitmap #cards 512 size 80 coarsen threshold 460 Card regions per heap region 1 cards per card region 2048
 CPUs: 12 total, 12 available
 Memory: 7541M
 Large Page Support: Disabled
 NUMA Support: Disabled
 Compressed Oops: Enabled (32-bit)
 Heap Region Size: 1M
 Heap Min Capacity: 256M
 Heap Initial Capacity: 256M
 Heap Max Capacity: 512M
 Pre-touch: Disabled
 Parallel Workers: 10
 Concurrent Workers: 3
 Concurrent Refinement Workers: 10
 Periodic GC: Disabled
Heap:
 garbage-first heap   total 262144K, used 218193K [0x00000000e0000000, 0x0000000100000000)
  region size 1024K, 117 young (119808K), 14 survivors (14336K)
 Metaspace       used 92152K, committed 94144K, reserved 458752K
  class space    used 12565K, committed 13568K, reserved 327680K
GC Heap History (20 events):
Event: 8.527 GC heap before
{Heap before GC invocations=5 (full 0):
 garbage-first heap   total 262144K, used 135659K [0x00000000e0000000, 0x0000000100000000)
  region size 1024K, 111 young (113664K), 10 survivors (10240K)
 Metaspace       used 35316K, committed 36096K, reserved 393216K
  class space    used 4742K, committed 5120K, reserved 327680K
}
Event: 8.542 GC heap after
{Heap after GC invocations=6 (full 0):
 garbage-first heap   total 262144K, used 43776K [0x00000000e0000000, 0x0000000100000000)
  region size 1024K, 19 young (19456K), 19 survivors (19456K)
 Metaspace       used 35316K, committed 36096K, reserved 393216K
  class space    used 4742K, committed 5120K, reserved 327680K
}
Event: 8.577 GC heap before
{Heap before GC invocations=6 (full 0):
 garbage-first heap   total 262144K, used 45824K [0x00000000e0000000, 0x0000000100000000)
  region size 1024K, 22 young (22528K), 19 survivors (19456K)
 Metaspace       used 35517K, committed 36416K, reserved 393216K
  class space    used 4776K, committed 5248K, reserved 327680K
}
Event: 8.588 GC heap after
{Heap after GC invocations=7 (full 0):
 garbage-first heap   total 262144K, used 43555K [0x00000000e0000000, 0x0000000100000000)
  region size 1024K, 11 young (11264K), 11 survivors (11264K)
 Metaspace       used 35517K, committed 36416K, reserved 393216K
  class space    used 4776K, committed 5248K, reserved 327680K
}
Event: 8.672 GC heap before
{Heap before GC invocations=7 (full 0):
 garbage-first heap   total 262144K, used 45603K [0x00000000e0000000, 0x0000000100000000)
  region size 1024K, 14 young (14336K), 11 survivors (11264K)
 Metaspace       used 35873K, committed 36736K, reserved 393216K
  class space    used 4838K, committed 5312K, reserved 327680K
}
Event: 8.678 GC heap after
{Heap after GC invocations=8 (full 0):
 garbage-first heap   total 262144K, used 43464K [0x00000000e0000000, 0x0000000100000000)
  region size 1024K, 11 young (11264K), 11 survivors (11264K)
 Metaspace       used 35873K, committed 36736K, reserved 393216K
  class space    used 4838K, committed 5312K, reserved 327680K
}
Event: 11.588 GC heap before
{Heap before GC invocations=9 (full 0):
 garbage-first heap   total 262144K, used 192968K [0x00000000e0000000, 0x0000000100000000)
  region size 1024K, 153 young (156672K), 11 survivors (11264K)
 Metaspace       used 54687K, committed 56128K, reserved 393216K
  class space    used 7371K, committed 8064K, reserved 327680K
}
Event: 11.606 GC heap after
{Heap after GC invocations=10 (full 0):
 garbage-first heap   total 262144K, used 54190K [0x00000000e0000000, 0x0000000100000000)
  region size 1024K, 20 young (20480K), 20 survivors (20480K)
 Metaspace       used 54687K, committed 56128K, reserved 393216K
  class space    used 7371K, committed 8064K, reserved 327680K
}
Event: 13.191 GC heap before
{Heap before GC invocations=10 (full 0):
 garbage-first heap   total 262144K, used 133038K [0x00000000e0000000, 0x0000000100000000)
  region size 1024K, 83 young (84992K), 20 survivors (20480K)
 Metaspace       used 59791K, committed 61440K, reserved 393216K
  class space    used 7998K, committed 8832K, reserved 327680K
}
Event: 13.211 GC heap after
{Heap after GC invocations=11 (full 0):
 garbage-first heap   total 262144K, used 77127K [0x00000000e0000000, 0x0000000100000000)
  region size 1024K, 20 young (20480K), 20 survivors (20480K)
 Metaspace       used 59791K, committed 61440K, reserved 393216K
  class space    used 7998K, committed 8832K, reserved 327680K
}
Event: 13.248 GC heap before
{Heap before GC invocations=11 (full 0):
 garbage-first heap   total 262144K, used 78151K [0x00000000e0000000, 0x0000000100000000)
  region size 1024K, 22 young (22528K), 20 survivors (20480K)
 Metaspace       used 60115K, committed 61760K, reserved 393216K
  class space    used 8059K, committed 8832K, reserved 327680K
}
Event: 13.260 GC heap after
{Heap after GC invocations=12 (full 0):
 garbage-first heap   total 262144K, used 77779K [0x00000000e0000000, 0x0000000100000000)
  region size 1024K, 11 young (11264K), 11 survivors (11264K)
 Metaspace       used 60115K, committed 61760K, reserved 393216K
  class space    used 8059K, committed 8832K, reserved 327680K
}
Event: 16.275 GC heap before
{Heap before GC invocations=13 (full 0):
 garbage-first heap   total 262144K, used 222163K [0x00000000e0000000, 0x0000000100000000)
  region size 1024K, 153 young (156672K), 11 survivors (11264K)
 Metaspace       used 68299K, committed 70080K, reserved 393216K
  class space    used 9285K, committed 10176K, reserved 327680K
}
Event: 16.289 GC heap after
{Heap after GC invocations=14 (full 0):
 garbage-first heap   total 262144K, used 84640K [0x00000000e0000000, 0x0000000100000000)
  region size 1024K, 17 young (17408K), 17 survivors (17408K)
 Metaspace       used 68299K, committed 70080K, reserved 393216K
  class space    used 9285K, committed 10176K, reserved 327680K
}
Event: 18.218 GC heap before
{Heap before GC invocations=14 (full 0):
 garbage-first heap   total 262144K, used 230048K [0x00000000e0000000, 0x0000000100000000)
  region size 1024K, 153 young (156672K), 17 survivors (17408K)
 Metaspace       used 70328K, committed 72128K, reserved 393216K
  class space    used 9509K, committed 10432K, reserved 327680K
}
Event: 18.233 GC heap after
{Heap after GC invocations=15 (full 0):
 garbage-first heap   total 262144K, used 98981K [0x00000000e0000000, 0x0000000100000000)
  region size 1024K, 19 young (19456K), 19 survivors (19456K)
 Metaspace       used 70328K, committed 72128K, reserved 393216K
  class space    used 9509K, committed 10432K, reserved 327680K
}
Event: 19.710 GC heap before
{Heap before GC invocations=15 (full 0):
 garbage-first heap   total 262144K, used 169637K [0x00000000e0000000, 0x0000000100000000)
  region size 1024K, 90 young (92160K), 19 survivors (19456K)
 Metaspace       used 78283K, committed 80192K, reserved 458752K
  class space    used 10521K, committed 11456K, reserved 327680K
}
Event: 19.722 GC heap after
{Heap after GC invocations=16 (full 0):
 garbage-first heap   total 262144K, used 103541K [0x00000000e0000000, 0x0000000100000000)
  region size 1024K, 5 young (5120K), 5 survivors (5120K)
 Metaspace       used 78283K, committed 80192K, reserved 458752K
  class space    used 10521K, committed 11456K, reserved 327680K
}
Event: 21.506 GC heap before
{Heap before GC invocations=17 (full 0):
 garbage-first heap   total 262144K, used 239733K [0x00000000e0000000, 0x0000000100000000)
  region size 1024K, 133 young (136192K), 5 survivors (5120K)
 Metaspace       used 83889K, committed 85824K, reserved 458752K
  class space    used 11265K, committed 12224K, reserved 327680K
}
Event: 21.517 GC heap after
{Heap after GC invocations=18 (full 0):
 garbage-first heap   total 262144K, used 113745K [0x00000000e0000000, 0x0000000100000000)
  region size 1024K, 14 young (14336K), 14 survivors (14336K)
 Metaspace       used 83889K, committed 85824K, reserved 458752K
  class space    used 11265K, committed 12224K, reserved 327680K
}

